Success (15):
content 43310 _a-0000df9d-6819-8000-aae2-01ef9001ef90_45160 "Sample Folder"
content 43311 _a-0000df9d-6819-8000-aae2-01ef9001ef90_45161 "SAMPLE_TEST_1"
content 43312 _a-0000df9d-6819-8000-aae2-01ef9001ef90_45162 "SAMPLE_TEST_2"
content 43313 _a-0000df9d-6819-8000-aae2-01ef9001ef90_45163 "SAMPLE_TEST_3"
content 43314 _a-0000df9d-6819-8000-aae2-01ef9001ef90_45164 "SAMPLE_TEST_4"
content 43315 _a-0000df9d-6819-8000-aae2-01ef9001ef90_45165 "SAMPLE_TEST_5"
content 43316 _a-0000df9d-6819-8000-aae2-01ef9001ef90_45166 "SAMPLE_TEST_6"
content 43317 _a-0000df9d-6819-8000-aae2-01ef9001ef90_45167 "SAMPLE_TEST_7"
content 43318 _a-0000df9d-6819-8000-aae2-01ef9001ef90_45168 "SAMPLE_TEST_8"
content 43319 _a-0000df9d-6819-8000-aae2-01ef9001ef90_45169 "SAMPLE_TEST_9"
content 43320 _a-0000df9d-6819-8000-aae2-01ef9001ef90_45170 "SAMPLE_TEST_10"
processModelFolder 77 _g-0000df9d-6819-8000-aae2-014d98014d98_109 "test-leave"
processModelFolder 78 _g-0000df9d-6819-8000-aae2-014d98014d98_110 "testfolder"
processModel 3210 0002dfbf-a081-8000-aae2-014d98014d98 "testPM"
application 43309 _a-0000df9d-6819-8000-aae2-01ef9001ef90_45159 "Leave Management System"

Referenced precedents that were not exported (1):
user krishnau krishnau

Trace:
2017-11-10 09:14:31.048 DEBUG application 43309 _a-0000df9d-6819-8000-aae2-01ef9001ef90_45159 Begin transport.
2017-11-10 09:14:31.048 DEBUG application 43309 _a-0000df9d-6819-8000-aae2-01ef9001ef90_45159 Retrieving object data.
2017-11-10 09:14:31.051 DEBUG application 43309 _a-0000df9d-6819-8000-aae2-01ef9001ef90_45159 App associated objects: [content=[_a-0000df9d-6819-8000-aae2-01ef9001ef90_45160, _a-0000df9d-6819-8000-aae2-01ef9001ef90_45161, _a-0000df9d-6819-8000-aae2-01ef9001ef90_45162, _a-0000df9d-6819-8000-aae2-01ef9001ef90_45163, _a-0000df9d-6819-8000-aae2-01ef9001ef90_45164, _a-0000df9d-6819-8000-aae2-01ef9001ef90_45165, _a-0000df9d-6819-8000-aae2-01ef9001ef90_45166, _a-0000df9d-6819-8000-aae2-01ef9001ef90_45167, _a-0000df9d-6819-8000-aae2-01ef9001ef90_45168, _a-0000df9d-6819-8000-aae2-01ef9001ef90_45169, _a-0000df9d-6819-8000-aae2-01ef9001ef90_45170],processModelFolder=[_g-0000df9d-6819-8000-aae2-014d98014d98_109, _g-0000df9d-6819-8000-aae2-014d98014d98_110],processModel=[0002dfbf-a081-8000-aae2-014d98014d98]]
2017-11-10 09:14:31.054 DEBUG application 43309 _a-0000df9d-6819-8000-aae2-01ef9001ef90_45159 Invalid associated objects: []
2017-11-10 09:14:31.055 DEBUG application 43309 _a-0000df9d-6819-8000-aae2-01ef9001ef90_45159 Adding valid associated objects to be exported: GlobalBindingMap[content={_a-0000df9d-6819-8000-aae2-01ef9001ef90_45160=43310, _a-0000df9d-6819-8000-aae2-01ef9001ef90_45161=43311, _a-0000df9d-6819-8000-aae2-01ef9001ef90_45162=43312, _a-0000df9d-6819-8000-aae2-01ef9001ef90_45163=43313, _a-0000df9d-6819-8000-aae2-01ef9001ef90_45164=43314, _a-0000df9d-6819-8000-aae2-01ef9001ef90_45165=43315, _a-0000df9d-6819-8000-aae2-01ef9001ef90_45166=43316, _a-0000df9d-6819-8000-aae2-01ef9001ef90_45167=43317, _a-0000df9d-6819-8000-aae2-01ef9001ef90_45168=43318, _a-0000df9d-6819-8000-aae2-01ef9001ef90_45169=43319, _a-0000df9d-6819-8000-aae2-01ef9001ef90_45170=43320},processModelFolder={_g-0000df9d-6819-8000-aae2-014d98014d98_109=77, _g-0000df9d-6819-8000-aae2-014d98014d98_110=78},processModel={0002dfbf-a081-8000-aae2-014d98014d98=3210}]
2017-11-10 09:14:31.055 DEBUG application 43309 _a-0000df9d-6819-8000-aae2-01ef9001ef90_45159 Setting uuids of object references.
2017-11-10 09:14:31.055 DEBUG application 43309 _a-0000df9d-6819-8000-aae2-01ef9001ef90_45159 Processing reference: Application.forum
2017-11-10 09:14:31.055 DEBUG application 43309 _a-0000df9d-6819-8000-aae2-01ef9001ef90_45159 Processing reference: Application.parent
2017-11-10 09:14:31.056 DEBUG application 43309 _a-0000df9d-6819-8000-aae2-01ef9001ef90_45159 Processing reference: com.appiancorp.suiteapi.content.ContentRoleMap@6d75e247[
  ContentRole[name=readers,inherit=false,allowForAll=false]
  ContentRole[name=authors,inherit=false,allowForAll=false]
  ContentRole[name=administrators,usernames=[krishnau],inherit=false,allowForAll=false]
  ContentRole[name=denyReaders,inherit=false,allowForAll=false]
  ContentRole[name=denyAuthors,inherit=false,allowForAll=false]
  ContentRole[name=denyAdministrators,inherit=false,allowForAll=false]
  securityVector=129:SEC_PUBLIC=true,SEC_CREATOR_ADMIN=true,SEC_INH_ADMIN=false,SEC_INH_EDITOR=false,SEC_INH_VIEWER=false,SEC_ALL_ADMIN=false,SEC_ALL_EDITOR=false,SEC_ALL_VIEWER=false
]
2017-11-10 09:14:31.056 DEBUG application 43309 _a-0000df9d-6819-8000-aae2-01ef9001ef90_45159 Processing reference: ContentRole[name=readers,inherit=false,allowForAll=false]
2017-11-10 09:14:31.056 DEBUG application 43309 _a-0000df9d-6819-8000-aae2-01ef9001ef90_45159 Processing reference: ContentRole[name=authors,inherit=false,allowForAll=false]
2017-11-10 09:14:31.056 DEBUG application 43309 _a-0000df9d-6819-8000-aae2-01ef9001ef90_45159 Processing reference: ContentRole[name=administrators,usernames=[krishnau],inherit=false,allowForAll=false]
2017-11-10 09:14:31.057 DEBUG application 43309 _a-0000df9d-6819-8000-aae2-01ef9001ef90_45159 Processing reference: ContentRole[name=denyReaders,inherit=false,allowForAll=false]
2017-11-10 09:14:31.057 DEBUG application 43309 _a-0000df9d-6819-8000-aae2-01ef9001ef90_45159 Processing reference: ContentRole[name=denyAuthors,inherit=false,allowForAll=false]
2017-11-10 09:14:31.057 DEBUG application 43309 _a-0000df9d-6819-8000-aae2-01ef9001ef90_45159 Processing reference: ContentRole[name=denyAdministrators,inherit=false,allowForAll=false]
2017-11-10 09:14:31.058 DEBUG content 43310 _a-0000df9d-6819-8000-aae2-01ef9001ef90_45160 Begin transport.
2017-11-10 09:14:31.058 DEBUG content 43310 _a-0000df9d-6819-8000-aae2-01ef9001ef90_45160 Retrieving object data.
2017-11-10 09:14:31.063 DEBUG content 43310 _a-0000df9d-6819-8000-aae2-01ef9001ef90_45160 Setting uuids of object references.
2017-11-10 09:14:31.064 DEBUG content 43310 _a-0000df9d-6819-8000-aae2-01ef9001ef90_45160 Processing reference: RulesFolder.forum
2017-11-10 09:14:31.064 DEBUG content 43310 _a-0000df9d-6819-8000-aae2-01ef9001ef90_45160 Processing reference: RulesFolder.parent
2017-11-10 09:14:31.065 DEBUG content 43310 _a-0000df9d-6819-8000-aae2-01ef9001ef90_45160 Processing reference: com.appiancorp.suiteapi.content.ContentRoleMap@3c5eefbb[
  ContentRole[name=readers,inherit=true,allowForAll=false]
  ContentRole[name=authors,inherit=true,allowForAll=false]
  ContentRole[name=administrators,inherit=true,allowForAll=false]
  ContentRole[name=denyReaders,inherit=false,allowForAll=false]
  ContentRole[name=denyAuthors,inherit=false,allowForAll=false]
  ContentRole[name=denyAdministrators,inherit=false,allowForAll=false]
  securityVector=15:SEC_PUBLIC=true,SEC_CREATOR_ADMIN=false,SEC_INH_ADMIN=true,SEC_INH_EDITOR=true,SEC_INH_VIEWER=true,SEC_ALL_ADMIN=false,SEC_ALL_EDITOR=false,SEC_ALL_VIEWER=false
]
2017-11-10 09:14:31.065 DEBUG content 43310 _a-0000df9d-6819-8000-aae2-01ef9001ef90_45160 Processing reference: ContentRole[name=readers,inherit=true,allowForAll=false]
2017-11-10 09:14:31.065 DEBUG content 43310 _a-0000df9d-6819-8000-aae2-01ef9001ef90_45160 Processing reference: ContentRole[name=authors,inherit=true,allowForAll=false]
2017-11-10 09:14:31.065 DEBUG content 43310 _a-0000df9d-6819-8000-aae2-01ef9001ef90_45160 Processing reference: ContentRole[name=administrators,inherit=true,allowForAll=false]
2017-11-10 09:14:31.065 DEBUG content 43310 _a-0000df9d-6819-8000-aae2-01ef9001ef90_45160 Processing reference: ContentRole[name=denyReaders,inherit=false,allowForAll=false]
2017-11-10 09:14:31.065 DEBUG content 43310 _a-0000df9d-6819-8000-aae2-01ef9001ef90_45160 Processing reference: ContentRole[name=denyAuthors,inherit=false,allowForAll=false]
2017-11-10 09:14:31.065 DEBUG content 43310 _a-0000df9d-6819-8000-aae2-01ef9001ef90_45160 Processing reference: ContentRole[name=denyAdministrators,inherit=false,allowForAll=false]
2017-11-10 09:14:31.065 DEBUG content 43310 _a-0000df9d-6819-8000-aae2-01ef9001ef90_45160 Completing produce.
2017-11-10 09:14:31.065 DEBUG content 43310 _a-0000df9d-6819-8000-aae2-01ef9001ef90_45160 Exporting binary resources.
2017-11-10 09:14:31.065 DEBUG content 43310 _a-0000df9d-6819-8000-aae2-01ef9001ef90_45160 Serializing object to XML.
2017-11-10 09:14:31.066 DEBUG content 43310 _a-0000df9d-6819-8000-aae2-01ef9001ef90_45160 Object transported.
2017-11-10 09:14:31.066 DEBUG content 43311 _a-0000df9d-6819-8000-aae2-01ef9001ef90_45161 Begin transport.
2017-11-10 09:14:31.066 DEBUG content 43311 _a-0000df9d-6819-8000-aae2-01ef9001ef90_45161 Retrieving object data.
2017-11-10 09:14:31.07 DEBUG content 43311 _a-0000df9d-6819-8000-aae2-01ef9001ef90_45161 Setting uuids of object references.
2017-11-10 09:14:31.07 DEBUG content 43311 _a-0000df9d-6819-8000-aae2-01ef9001ef90_45161 Processing reference: [Content:id=43311,versionId=-1,name=SAMPLE_TEST_1,description=SAMPLE_TEST_1,type=32,subtype=0,uuid=_a-0000df9d-6819-8000-aae2-01ef9001ef90_45161,parent=43310,parentName=Sample Folder,parentType=2,log=43311,logName=SAMPLE_TEST_1,state=255,visibility=35,security=15,creator=krishnau,createdTimestamp=2017-11-06 06:15:36.0,updatedTimestamp=2017-11-06 06:15:36.0,size=0,lockedBy=,changesRequireApproval=false,attributes={system=0, hidden=0, ruletype=0, multiple=0, isEnvironmentSpecific=false, value=null, returnType=1},partition=2,partitionName=/usr/local/appian/_admin/accdocs2]
2017-11-10 09:14:31.07 DEBUG content 43311 _a-0000df9d-6819-8000-aae2-01ef9001ef90_45161 Processing reference: Constant.forum
2017-11-10 09:14:31.07 DEBUG content 43311 _a-0000df9d-6819-8000-aae2-01ef9001ef90_45161 Processing reference: Constant.parent
2017-11-10 09:14:31.071 DEBUG content 43311 _a-0000df9d-6819-8000-aae2-01ef9001ef90_45161 Processing reference: com.appiancorp.suiteapi.content.ContentRoleMap@4a2dffa8[
  ContentRole[name=readers,inherit=true,allowForAll=false]
  ContentRole[name=authors,inherit=true,allowForAll=false]
  ContentRole[name=administrators,inherit=true,allowForAll=false]
  ContentRole[name=denyReaders,inherit=false,allowForAll=false]
  ContentRole[name=denyAuthors,inherit=false,allowForAll=false]
  ContentRole[name=denyAdministrators,inherit=false,allowForAll=false]
  securityVector=15:SEC_PUBLIC=true,SEC_CREATOR_ADMIN=false,SEC_INH_ADMIN=true,SEC_INH_EDITOR=true,SEC_INH_VIEWER=true,SEC_ALL_ADMIN=false,SEC_ALL_EDITOR=false,SEC_ALL_VIEWER=false
]
2017-11-10 09:14:31.071 DEBUG content 43311 _a-0000df9d-6819-8000-aae2-01ef9001ef90_45161 Processing reference: ContentRole[name=readers,inherit=true,allowForAll=false]
2017-11-10 09:14:31.071 DEBUG content 43311 _a-0000df9d-6819-8000-aae2-01ef9001ef90_45161 Processing reference: ContentRole[name=authors,inherit=true,allowForAll=false]
2017-11-10 09:14:31.071 DEBUG content 43311 _a-0000df9d-6819-8000-aae2-01ef9001ef90_45161 Processing reference: ContentRole[name=administrators,inherit=true,allowForAll=false]
2017-11-10 09:14:31.071 DEBUG content 43311 _a-0000df9d-6819-8000-aae2-01ef9001ef90_45161 Processing reference: ContentRole[name=denyReaders,inherit=false,allowForAll=false]
2017-11-10 09:14:31.071 DEBUG content 43311 _a-0000df9d-6819-8000-aae2-01ef9001ef90_45161 Processing reference: ContentRole[name=denyAuthors,inherit=false,allowForAll=false]
2017-11-10 09:14:31.071 DEBUG content 43311 _a-0000df9d-6819-8000-aae2-01ef9001ef90_45161 Processing reference: ContentRole[name=denyAdministrators,inherit=false,allowForAll=false]
2017-11-10 09:14:31.071 DEBUG content 43311 _a-0000df9d-6819-8000-aae2-01ef9001ef90_45161 Completing produce.
2017-11-10 09:14:31.071 DEBUG content 43311 _a-0000df9d-6819-8000-aae2-01ef9001ef90_45161 Exporting binary resources.
2017-11-10 09:14:31.071 DEBUG content 43311 _a-0000df9d-6819-8000-aae2-01ef9001ef90_45161 Serializing object to XML.
2017-11-10 09:14:31.073 DEBUG content 43311 _a-0000df9d-6819-8000-aae2-01ef9001ef90_45161 Object transported.
2017-11-10 09:14:31.073 DEBUG content 43312 _a-0000df9d-6819-8000-aae2-01ef9001ef90_45162 Begin transport.
2017-11-10 09:14:31.073 DEBUG content 43312 _a-0000df9d-6819-8000-aae2-01ef9001ef90_45162 Retrieving object data.
2017-11-10 09:14:31.077 DEBUG content 43312 _a-0000df9d-6819-8000-aae2-01ef9001ef90_45162 Setting uuids of object references.
2017-11-10 09:14:31.077 DEBUG content 43312 _a-0000df9d-6819-8000-aae2-01ef9001ef90_45162 Processing reference: [Content:id=43312,versionId=-1,name=SAMPLE_TEST_2,description=SAMPLE_TEST_2,type=32,subtype=0,uuid=_a-0000df9d-6819-8000-aae2-01ef9001ef90_45162,parent=43310,parentName=Sample Folder,parentType=2,log=43312,logName=SAMPLE_TEST_2,state=255,visibility=35,security=15,creator=krishnau,createdTimestamp=2017-11-06 06:16:04.0,updatedTimestamp=2017-11-06 06:16:04.0,size=0,lockedBy=,changesRequireApproval=false,attributes={system=0, hidden=0, ruletype=0, multiple=0, isEnvironmentSpecific=false, value=null, returnType=1},partition=3,partitionName=/usr/local/appian/_admin/accdocs3]
2017-11-10 09:14:31.077 DEBUG content 43312 _a-0000df9d-6819-8000-aae2-01ef9001ef90_45162 Processing reference: Constant.forum
2017-11-10 09:14:31.077 DEBUG content 43312 _a-0000df9d-6819-8000-aae2-01ef9001ef90_45162 Processing reference: Constant.parent
2017-11-10 09:14:31.078 DEBUG content 43312 _a-0000df9d-6819-8000-aae2-01ef9001ef90_45162 Processing reference: com.appiancorp.suiteapi.content.ContentRoleMap@59e7557[
  ContentRole[name=readers,inherit=true,allowForAll=false]
  ContentRole[name=authors,inherit=true,allowForAll=false]
  ContentRole[name=administrators,inherit=true,allowForAll=false]
  ContentRole[name=denyReaders,inherit=false,allowForAll=false]
  ContentRole[name=denyAuthors,inherit=false,allowForAll=false]
  ContentRole[name=denyAdministrators,inherit=false,allowForAll=false]
  securityVector=15:SEC_PUBLIC=true,SEC_CREATOR_ADMIN=false,SEC_INH_ADMIN=true,SEC_INH_EDITOR=true,SEC_INH_VIEWER=true,SEC_ALL_ADMIN=false,SEC_ALL_EDITOR=false,SEC_ALL_VIEWER=false
]
2017-11-10 09:14:31.078 DEBUG content 43312 _a-0000df9d-6819-8000-aae2-01ef9001ef90_45162 Processing reference: ContentRole[name=readers,inherit=true,allowForAll=false]
2017-11-10 09:14:31.078 DEBUG content 43312 _a-0000df9d-6819-8000-aae2-01ef9001ef90_45162 Processing reference: ContentRole[name=authors,inherit=true,allowForAll=false]
2017-11-10 09:14:31.078 DEBUG content 43312 _a-0000df9d-6819-8000-aae2-01ef9001ef90_45162 Processing reference: ContentRole[name=administrators,inherit=true,allowForAll=false]
2017-11-10 09:14:31.078 DEBUG content 43312 _a-0000df9d-6819-8000-aae2-01ef9001ef90_45162 Processing reference: ContentRole[name=denyReaders,inherit=false,allowForAll=false]
2017-11-10 09:14:31.078 DEBUG content 43312 _a-0000df9d-6819-8000-aae2-01ef9001ef90_45162 Processing reference: ContentRole[name=denyAuthors,inherit=false,allowForAll=false]
2017-11-10 09:14:31.078 DEBUG content 43312 _a-0000df9d-6819-8000-aae2-01ef9001ef90_45162 Processing reference: ContentRole[name=denyAdministrators,inherit=false,allowForAll=false]
2017-11-10 09:14:31.078 DEBUG content 43312 _a-0000df9d-6819-8000-aae2-01ef9001ef90_45162 Completing produce.
2017-11-10 09:14:31.078 DEBUG content 43312 _a-0000df9d-6819-8000-aae2-01ef9001ef90_45162 Exporting binary resources.
2017-11-10 09:14:31.078 DEBUG content 43312 _a-0000df9d-6819-8000-aae2-01ef9001ef90_45162 Serializing object to XML.
2017-11-10 09:14:31.08 DEBUG content 43312 _a-0000df9d-6819-8000-aae2-01ef9001ef90_45162 Object transported.
2017-11-10 09:14:31.08 DEBUG content 43313 _a-0000df9d-6819-8000-aae2-01ef9001ef90_45163 Begin transport.
2017-11-10 09:14:31.08 DEBUG content 43313 _a-0000df9d-6819-8000-aae2-01ef9001ef90_45163 Retrieving object data.
2017-11-10 09:14:31.084 DEBUG content 43313 _a-0000df9d-6819-8000-aae2-01ef9001ef90_45163 Setting uuids of object references.
2017-11-10 09:14:31.084 DEBUG content 43313 _a-0000df9d-6819-8000-aae2-01ef9001ef90_45163 Processing reference: [Content:id=43313,versionId=-1,name=SAMPLE_TEST_3,description=SAMPLE_TEST_3,type=32,subtype=0,uuid=_a-0000df9d-6819-8000-aae2-01ef9001ef90_45163,parent=43310,parentName=Sample Folder,parentType=2,log=43313,logName=SAMPLE_TEST_3,state=255,visibility=35,security=15,creator=krishnau,createdTimestamp=2017-11-06 06:16:20.0,updatedTimestamp=2017-11-06 06:16:20.0,size=0,lockedBy=,changesRequireApproval=false,attributes={system=0, hidden=0, ruletype=0, multiple=0, isEnvironmentSpecific=false, value=null, returnType=1},partition=1,partitionName=/usr/local/appian/_admin/accdocs1]
2017-11-10 09:14:31.084 DEBUG content 43313 _a-0000df9d-6819-8000-aae2-01ef9001ef90_45163 Processing reference: Constant.forum
2017-11-10 09:14:31.084 DEBUG content 43313 _a-0000df9d-6819-8000-aae2-01ef9001ef90_45163 Processing reference: Constant.parent
2017-11-10 09:14:31.086 DEBUG content 43313 _a-0000df9d-6819-8000-aae2-01ef9001ef90_45163 Processing reference: com.appiancorp.suiteapi.content.ContentRoleMap@3215f9db[
  ContentRole[name=readers,inherit=true,allowForAll=false]
  ContentRole[name=authors,inherit=true,allowForAll=false]
  ContentRole[name=administrators,inherit=true,allowForAll=false]
  ContentRole[name=denyReaders,inherit=false,allowForAll=false]
  ContentRole[name=denyAuthors,inherit=false,allowForAll=false]
  ContentRole[name=denyAdministrators,inherit=false,allowForAll=false]
  securityVector=15:SEC_PUBLIC=true,SEC_CREATOR_ADMIN=false,SEC_INH_ADMIN=true,SEC_INH_EDITOR=true,SEC_INH_VIEWER=true,SEC_ALL_ADMIN=false,SEC_ALL_EDITOR=false,SEC_ALL_VIEWER=false
]
2017-11-10 09:14:31.086 DEBUG content 43313 _a-0000df9d-6819-8000-aae2-01ef9001ef90_45163 Processing reference: ContentRole[name=readers,inherit=true,allowForAll=false]
2017-11-10 09:14:31.086 DEBUG content 43313 _a-0000df9d-6819-8000-aae2-01ef9001ef90_45163 Processing reference: ContentRole[name=authors,inherit=true,allowForAll=false]
2017-11-10 09:14:31.086 DEBUG content 43313 _a-0000df9d-6819-8000-aae2-01ef9001ef90_45163 Processing reference: ContentRole[name=administrators,inherit=true,allowForAll=false]
2017-11-10 09:14:31.086 DEBUG content 43313 _a-0000df9d-6819-8000-aae2-01ef9001ef90_45163 Processing reference: ContentRole[name=denyReaders,inherit=false,allowForAll=false]
2017-11-10 09:14:31.086 DEBUG content 43313 _a-0000df9d-6819-8000-aae2-01ef9001ef90_45163 Processing reference: ContentRole[name=denyAuthors,inherit=false,allowForAll=false]
2017-11-10 09:14:31.086 DEBUG content 43313 _a-0000df9d-6819-8000-aae2-01ef9001ef90_45163 Processing reference: ContentRole[name=denyAdministrators,inherit=false,allowForAll=false]
2017-11-10 09:14:31.086 DEBUG content 43313 _a-0000df9d-6819-8000-aae2-01ef9001ef90_45163 Completing produce.
2017-11-10 09:14:31.086 DEBUG content 43313 _a-0000df9d-6819-8000-aae2-01ef9001ef90_45163 Exporting binary resources.
2017-11-10 09:14:31.086 DEBUG content 43313 _a-0000df9d-6819-8000-aae2-01ef9001ef90_45163 Serializing object to XML.
2017-11-10 09:14:31.087 DEBUG content 43313 _a-0000df9d-6819-8000-aae2-01ef9001ef90_45163 Object transported.
2017-11-10 09:14:31.087 DEBUG content 43314 _a-0000df9d-6819-8000-aae2-01ef9001ef90_45164 Begin transport.
2017-11-10 09:14:31.087 DEBUG content 43314 _a-0000df9d-6819-8000-aae2-01ef9001ef90_45164 Retrieving object data.
2017-11-10 09:14:31.091 DEBUG content 43314 _a-0000df9d-6819-8000-aae2-01ef9001ef90_45164 Setting uuids of object references.
2017-11-10 09:14:31.091 DEBUG content 43314 _a-0000df9d-6819-8000-aae2-01ef9001ef90_45164 Processing reference: [Content:id=43314,versionId=-1,name=SAMPLE_TEST_4,description=SAMPLE_TEST_4,type=32,subtype=0,uuid=_a-0000df9d-6819-8000-aae2-01ef9001ef90_45164,parent=43310,parentName=Sample Folder,parentType=2,log=43314,logName=SAMPLE_TEST_4,state=255,visibility=35,security=15,creator=krishnau,createdTimestamp=2017-11-06 06:16:36.0,updatedTimestamp=2017-11-06 06:16:36.0,size=0,lockedBy=,changesRequireApproval=false,attributes={system=0, hidden=0, ruletype=0, multiple=0, isEnvironmentSpecific=false, value=null, returnType=1},partition=2,partitionName=/usr/local/appian/_admin/accdocs2]
2017-11-10 09:14:31.091 DEBUG content 43314 _a-0000df9d-6819-8000-aae2-01ef9001ef90_45164 Processing reference: Constant.forum
2017-11-10 09:14:31.091 DEBUG content 43314 _a-0000df9d-6819-8000-aae2-01ef9001ef90_45164 Processing reference: Constant.parent
2017-11-10 09:14:31.093 DEBUG content 43314 _a-0000df9d-6819-8000-aae2-01ef9001ef90_45164 Processing reference: com.appiancorp.suiteapi.content.ContentRoleMap@68e3f51f[
  ContentRole[name=readers,inherit=true,allowForAll=false]
  ContentRole[name=authors,inherit=true,allowForAll=false]
  ContentRole[name=administrators,inherit=true,allowForAll=false]
  ContentRole[name=denyReaders,inherit=false,allowForAll=false]
  ContentRole[name=denyAuthors,inherit=false,allowForAll=false]
  ContentRole[name=denyAdministrators,inherit=false,allowForAll=false]
  securityVector=15:SEC_PUBLIC=true,SEC_CREATOR_ADMIN=false,SEC_INH_ADMIN=true,SEC_INH_EDITOR=true,SEC_INH_VIEWER=true,SEC_ALL_ADMIN=false,SEC_ALL_EDITOR=false,SEC_ALL_VIEWER=false
]
2017-11-10 09:14:31.093 DEBUG content 43314 _a-0000df9d-6819-8000-aae2-01ef9001ef90_45164 Processing reference: ContentRole[name=readers,inherit=true,allowForAll=false]
2017-11-10 09:14:31.093 DEBUG content 43314 _a-0000df9d-6819-8000-aae2-01ef9001ef90_45164 Processing reference: ContentRole[name=authors,inherit=true,allowForAll=false]
2017-11-10 09:14:31.093 DEBUG content 43314 _a-0000df9d-6819-8000-aae2-01ef9001ef90_45164 Processing reference: ContentRole[name=administrators,inherit=true,allowForAll=false]
2017-11-10 09:14:31.093 DEBUG content 43314 _a-0000df9d-6819-8000-aae2-01ef9001ef90_45164 Processing reference: ContentRole[name=denyReaders,inherit=false,allowForAll=false]
2017-11-10 09:14:31.093 DEBUG content 43314 _a-0000df9d-6819-8000-aae2-01ef9001ef90_45164 Processing reference: ContentRole[name=denyAuthors,inherit=false,allowForAll=false]
2017-11-10 09:14:31.093 DEBUG content 43314 _a-0000df9d-6819-8000-aae2-01ef9001ef90_45164 Processing reference: ContentRole[name=denyAdministrators,inherit=false,allowForAll=false]
2017-11-10 09:14:31.093 DEBUG content 43314 _a-0000df9d-6819-8000-aae2-01ef9001ef90_45164 Completing produce.
2017-11-10 09:14:31.093 DEBUG content 43314 _a-0000df9d-6819-8000-aae2-01ef9001ef90_45164 Exporting binary resources.
2017-11-10 09:14:31.093 DEBUG content 43314 _a-0000df9d-6819-8000-aae2-01ef9001ef90_45164 Serializing object to XML.
2017-11-10 09:14:31.094 DEBUG content 43314 _a-0000df9d-6819-8000-aae2-01ef9001ef90_45164 Object transported.
2017-11-10 09:14:31.094 DEBUG content 43315 _a-0000df9d-6819-8000-aae2-01ef9001ef90_45165 Begin transport.
2017-11-10 09:14:31.094 DEBUG content 43315 _a-0000df9d-6819-8000-aae2-01ef9001ef90_45165 Retrieving object data.
2017-11-10 09:14:31.098 DEBUG content 43315 _a-0000df9d-6819-8000-aae2-01ef9001ef90_45165 Setting uuids of object references.
2017-11-10 09:14:31.098 DEBUG content 43315 _a-0000df9d-6819-8000-aae2-01ef9001ef90_45165 Processing reference: [Content:id=43315,versionId=-1,name=SAMPLE_TEST_5,description=SAMPLE_TEST_5,type=32,subtype=0,uuid=_a-0000df9d-6819-8000-aae2-01ef9001ef90_45165,parent=43310,parentName=Sample Folder,parentType=2,log=43315,logName=SAMPLE_TEST_5,state=255,visibility=35,security=15,creator=krishnau,createdTimestamp=2017-11-06 06:16:56.0,updatedTimestamp=2017-11-06 06:16:56.0,size=0,lockedBy=,changesRequireApproval=false,attributes={system=0, hidden=0, ruletype=0, multiple=0, isEnvironmentSpecific=false, value=null, returnType=1},partition=3,partitionName=/usr/local/appian/_admin/accdocs3]
2017-11-10 09:14:31.098 DEBUG content 43315 _a-0000df9d-6819-8000-aae2-01ef9001ef90_45165 Processing reference: Constant.forum
2017-11-10 09:14:31.099 DEBUG content 43315 _a-0000df9d-6819-8000-aae2-01ef9001ef90_45165 Processing reference: Constant.parent
2017-11-10 09:14:31.1 DEBUG content 43315 _a-0000df9d-6819-8000-aae2-01ef9001ef90_45165 Processing reference: com.appiancorp.suiteapi.content.ContentRoleMap@1870a871[
  ContentRole[name=readers,inherit=true,allowForAll=false]
  ContentRole[name=authors,inherit=true,allowForAll=false]
  ContentRole[name=administrators,inherit=true,allowForAll=false]
  ContentRole[name=denyReaders,inherit=false,allowForAll=false]
  ContentRole[name=denyAuthors,inherit=false,allowForAll=false]
  ContentRole[name=denyAdministrators,inherit=false,allowForAll=false]
  securityVector=15:SEC_PUBLIC=true,SEC_CREATOR_ADMIN=false,SEC_INH_ADMIN=true,SEC_INH_EDITOR=true,SEC_INH_VIEWER=true,SEC_ALL_ADMIN=false,SEC_ALL_EDITOR=false,SEC_ALL_VIEWER=false
]
2017-11-10 09:14:31.1 DEBUG content 43315 _a-0000df9d-6819-8000-aae2-01ef9001ef90_45165 Processing reference: ContentRole[name=readers,inherit=true,allowForAll=false]
2017-11-10 09:14:31.1 DEBUG content 43315 _a-0000df9d-6819-8000-aae2-01ef9001ef90_45165 Processing reference: ContentRole[name=authors,inherit=true,allowForAll=false]
2017-11-10 09:14:31.1 DEBUG content 43315 _a-0000df9d-6819-8000-aae2-01ef9001ef90_45165 Processing reference: ContentRole[name=administrators,inherit=true,allowForAll=false]
2017-11-10 09:14:31.1 DEBUG content 43315 _a-0000df9d-6819-8000-aae2-01ef9001ef90_45165 Processing reference: ContentRole[name=denyReaders,inherit=false,allowForAll=false]
2017-11-10 09:14:31.1 DEBUG content 43315 _a-0000df9d-6819-8000-aae2-01ef9001ef90_45165 Processing reference: ContentRole[name=denyAuthors,inherit=false,allowForAll=false]
2017-11-10 09:14:31.1 DEBUG content 43315 _a-0000df9d-6819-8000-aae2-01ef9001ef90_45165 Processing reference: ContentRole[name=denyAdministrators,inherit=false,allowForAll=false]
2017-11-10 09:14:31.1 DEBUG content 43315 _a-0000df9d-6819-8000-aae2-01ef9001ef90_45165 Completing produce.
2017-11-10 09:14:31.1 DEBUG content 43315 _a-0000df9d-6819-8000-aae2-01ef9001ef90_45165 Exporting binary resources.
2017-11-10 09:14:31.1 DEBUG content 43315 _a-0000df9d-6819-8000-aae2-01ef9001ef90_45165 Serializing object to XML.
2017-11-10 09:14:31.101 DEBUG content 43315 _a-0000df9d-6819-8000-aae2-01ef9001ef90_45165 Object transported.
2017-11-10 09:14:31.101 DEBUG content 43316 _a-0000df9d-6819-8000-aae2-01ef9001ef90_45166 Begin transport.
2017-11-10 09:14:31.101 DEBUG content 43316 _a-0000df9d-6819-8000-aae2-01ef9001ef90_45166 Retrieving object data.
2017-11-10 09:14:31.105 DEBUG content 43316 _a-0000df9d-6819-8000-aae2-01ef9001ef90_45166 Setting uuids of object references.
2017-11-10 09:14:31.105 DEBUG content 43316 _a-0000df9d-6819-8000-aae2-01ef9001ef90_45166 Processing reference: [Content:id=43316,versionId=-1,name=SAMPLE_TEST_6,description=SAMPLE_TEST_6,type=32,subtype=0,uuid=_a-0000df9d-6819-8000-aae2-01ef9001ef90_45166,parent=43310,parentName=Sample Folder,parentType=2,log=43316,logName=SAMPLE_TEST_6,state=255,visibility=35,security=15,creator=krishnau,createdTimestamp=2017-11-06 06:17:12.0,updatedTimestamp=2017-11-06 06:17:12.0,size=0,lockedBy=,changesRequireApproval=false,attributes={system=0, hidden=0, ruletype=0, multiple=0, isEnvironmentSpecific=false, value=null, returnType=1},partition=1,partitionName=/usr/local/appian/_admin/accdocs1]
2017-11-10 09:14:31.106 DEBUG content 43316 _a-0000df9d-6819-8000-aae2-01ef9001ef90_45166 Processing reference: Constant.forum
2017-11-10 09:14:31.106 DEBUG content 43316 _a-0000df9d-6819-8000-aae2-01ef9001ef90_45166 Processing reference: Constant.parent
2017-11-10 09:14:31.107 DEBUG content 43316 _a-0000df9d-6819-8000-aae2-01ef9001ef90_45166 Processing reference: com.appiancorp.suiteapi.content.ContentRoleMap@6e81531a[
  ContentRole[name=readers,inherit=true,allowForAll=false]
  ContentRole[name=authors,inherit=true,allowForAll=false]
  ContentRole[name=administrators,inherit=true,allowForAll=false]
  ContentRole[name=denyReaders,inherit=false,allowForAll=false]
  ContentRole[name=denyAuthors,inherit=false,allowForAll=false]
  ContentRole[name=denyAdministrators,inherit=false,allowForAll=false]
  securityVector=15:SEC_PUBLIC=true,SEC_CREATOR_ADMIN=false,SEC_INH_ADMIN=true,SEC_INH_EDITOR=true,SEC_INH_VIEWER=true,SEC_ALL_ADMIN=false,SEC_ALL_EDITOR=false,SEC_ALL_VIEWER=false
]
2017-11-10 09:14:31.107 DEBUG content 43316 _a-0000df9d-6819-8000-aae2-01ef9001ef90_45166 Processing reference: ContentRole[name=readers,inherit=true,allowForAll=false]
2017-11-10 09:14:31.107 DEBUG content 43316 _a-0000df9d-6819-8000-aae2-01ef9001ef90_45166 Processing reference: ContentRole[name=authors,inherit=true,allowForAll=false]
2017-11-10 09:14:31.107 DEBUG content 43316 _a-0000df9d-6819-8000-aae2-01ef9001ef90_45166 Processing reference: ContentRole[name=administrators,inherit=true,allowForAll=false]
2017-11-10 09:14:31.107 DEBUG content 43316 _a-0000df9d-6819-8000-aae2-01ef9001ef90_45166 Processing reference: ContentRole[name=denyReaders,inherit=false,allowForAll=false]
2017-11-10 09:14:31.107 DEBUG content 43316 _a-0000df9d-6819-8000-aae2-01ef9001ef90_45166 Processing reference: ContentRole[name=denyAuthors,inherit=false,allowForAll=false]
2017-11-10 09:14:31.107 DEBUG content 43316 _a-0000df9d-6819-8000-aae2-01ef9001ef90_45166 Processing reference: ContentRole[name=denyAdministrators,inherit=false,allowForAll=false]
2017-11-10 09:14:31.107 DEBUG content 43316 _a-0000df9d-6819-8000-aae2-01ef9001ef90_45166 Completing produce.
2017-11-10 09:14:31.107 DEBUG content 43316 _a-0000df9d-6819-8000-aae2-01ef9001ef90_45166 Exporting binary resources.
2017-11-10 09:14:31.107 DEBUG content 43316 _a-0000df9d-6819-8000-aae2-01ef9001ef90_45166 Serializing object to XML.
2017-11-10 09:14:31.108 DEBUG content 43316 _a-0000df9d-6819-8000-aae2-01ef9001ef90_45166 Object transported.
2017-11-10 09:14:31.109 DEBUG content 43317 _a-0000df9d-6819-8000-aae2-01ef9001ef90_45167 Begin transport.
2017-11-10 09:14:31.109 DEBUG content 43317 _a-0000df9d-6819-8000-aae2-01ef9001ef90_45167 Retrieving object data.
2017-11-10 09:14:31.112 DEBUG content 43317 _a-0000df9d-6819-8000-aae2-01ef9001ef90_45167 Setting uuids of object references.
2017-11-10 09:14:31.112 DEBUG content 43317 _a-0000df9d-6819-8000-aae2-01ef9001ef90_45167 Processing reference: [Content:id=43317,versionId=-1,name=SAMPLE_TEST_7,description=SAMPLE_TEST_7,type=32,subtype=0,uuid=_a-0000df9d-6819-8000-aae2-01ef9001ef90_45167,parent=43310,parentName=Sample Folder,parentType=2,log=43317,logName=SAMPLE_TEST_7,state=255,visibility=35,security=15,creator=krishnau,createdTimestamp=2017-11-06 06:17:31.0,updatedTimestamp=2017-11-06 06:17:31.0,size=0,lockedBy=,changesRequireApproval=false,attributes={system=0, hidden=0, ruletype=0, multiple=0, isEnvironmentSpecific=false, value=null, returnType=1},partition=2,partitionName=/usr/local/appian/_admin/accdocs2]
2017-11-10 09:14:31.113 DEBUG content 43317 _a-0000df9d-6819-8000-aae2-01ef9001ef90_45167 Processing reference: Constant.forum
2017-11-10 09:14:31.113 DEBUG content 43317 _a-0000df9d-6819-8000-aae2-01ef9001ef90_45167 Processing reference: Constant.parent
2017-11-10 09:14:31.114 DEBUG content 43317 _a-0000df9d-6819-8000-aae2-01ef9001ef90_45167 Processing reference: com.appiancorp.suiteapi.content.ContentRoleMap@2a5ccbb6[
  ContentRole[name=readers,inherit=true,allowForAll=false]
  ContentRole[name=authors,inherit=true,allowForAll=false]
  ContentRole[name=administrators,inherit=true,allowForAll=false]
  ContentRole[name=denyReaders,inherit=false,allowForAll=false]
  ContentRole[name=denyAuthors,inherit=false,allowForAll=false]
  ContentRole[name=denyAdministrators,inherit=false,allowForAll=false]
  securityVector=15:SEC_PUBLIC=true,SEC_CREATOR_ADMIN=false,SEC_INH_ADMIN=true,SEC_INH_EDITOR=true,SEC_INH_VIEWER=true,SEC_ALL_ADMIN=false,SEC_ALL_EDITOR=false,SEC_ALL_VIEWER=false
]
2017-11-10 09:14:31.114 DEBUG content 43317 _a-0000df9d-6819-8000-aae2-01ef9001ef90_45167 Processing reference: ContentRole[name=readers,inherit=true,allowForAll=false]
2017-11-10 09:14:31.114 DEBUG content 43317 _a-0000df9d-6819-8000-aae2-01ef9001ef90_45167 Processing reference: ContentRole[name=authors,inherit=true,allowForAll=false]
2017-11-10 09:14:31.114 DEBUG content 43317 _a-0000df9d-6819-8000-aae2-01ef9001ef90_45167 Processing reference: ContentRole[name=administrators,inherit=true,allowForAll=false]
2017-11-10 09:14:31.114 DEBUG content 43317 _a-0000df9d-6819-8000-aae2-01ef9001ef90_45167 Processing reference: ContentRole[name=denyReaders,inherit=false,allowForAll=false]
2017-11-10 09:14:31.114 DEBUG content 43317 _a-0000df9d-6819-8000-aae2-01ef9001ef90_45167 Processing reference: ContentRole[name=denyAuthors,inherit=false,allowForAll=false]
2017-11-10 09:14:31.114 DEBUG content 43317 _a-0000df9d-6819-8000-aae2-01ef9001ef90_45167 Processing reference: ContentRole[name=denyAdministrators,inherit=false,allowForAll=false]
2017-11-10 09:14:31.114 DEBUG content 43317 _a-0000df9d-6819-8000-aae2-01ef9001ef90_45167 Completing produce.
2017-11-10 09:14:31.114 DEBUG content 43317 _a-0000df9d-6819-8000-aae2-01ef9001ef90_45167 Exporting binary resources.
2017-11-10 09:14:31.114 DEBUG content 43317 _a-0000df9d-6819-8000-aae2-01ef9001ef90_45167 Serializing object to XML.
2017-11-10 09:14:31.115 DEBUG content 43317 _a-0000df9d-6819-8000-aae2-01ef9001ef90_45167 Object transported.
2017-11-10 09:14:31.115 DEBUG content 43318 _a-0000df9d-6819-8000-aae2-01ef9001ef90_45168 Begin transport.
2017-11-10 09:14:31.115 DEBUG content 43318 _a-0000df9d-6819-8000-aae2-01ef9001ef90_45168 Retrieving object data.
2017-11-10 09:14:31.119 DEBUG content 43318 _a-0000df9d-6819-8000-aae2-01ef9001ef90_45168 Setting uuids of object references.
2017-11-10 09:14:31.119 DEBUG content 43318 _a-0000df9d-6819-8000-aae2-01ef9001ef90_45168 Processing reference: [Content:id=43318,versionId=-1,name=SAMPLE_TEST_8,description=SAMPLE_TEST_8,type=32,subtype=0,uuid=_a-0000df9d-6819-8000-aae2-01ef9001ef90_45168,parent=43310,parentName=Sample Folder,parentType=2,log=43318,logName=SAMPLE_TEST_8,state=255,visibility=35,security=15,creator=krishnau,createdTimestamp=2017-11-06 06:17:47.0,updatedTimestamp=2017-11-06 06:17:47.0,size=0,lockedBy=,changesRequireApproval=false,attributes={system=0, hidden=0, ruletype=0, multiple=0, isEnvironmentSpecific=false, value=null, returnType=1},partition=3,partitionName=/usr/local/appian/_admin/accdocs3]
2017-11-10 09:14:31.12 DEBUG content 43318 _a-0000df9d-6819-8000-aae2-01ef9001ef90_45168 Processing reference: Constant.forum
2017-11-10 09:14:31.12 DEBUG content 43318 _a-0000df9d-6819-8000-aae2-01ef9001ef90_45168 Processing reference: Constant.parent
2017-11-10 09:14:31.121 DEBUG content 43318 _a-0000df9d-6819-8000-aae2-01ef9001ef90_45168 Processing reference: com.appiancorp.suiteapi.content.ContentRoleMap@62a6f2f7[
  ContentRole[name=readers,inherit=true,allowForAll=false]
  ContentRole[name=authors,inherit=true,allowForAll=false]
  ContentRole[name=administrators,inherit=true,allowForAll=false]
  ContentRole[name=denyReaders,inherit=false,allowForAll=false]
  ContentRole[name=denyAuthors,inherit=false,allowForAll=false]
  ContentRole[name=denyAdministrators,inherit=false,allowForAll=false]
  securityVector=15:SEC_PUBLIC=true,SEC_CREATOR_ADMIN=false,SEC_INH_ADMIN=true,SEC_INH_EDITOR=true,SEC_INH_VIEWER=true,SEC_ALL_ADMIN=false,SEC_ALL_EDITOR=false,SEC_ALL_VIEWER=false
]
2017-11-10 09:14:31.121 DEBUG content 43318 _a-0000df9d-6819-8000-aae2-01ef9001ef90_45168 Processing reference: ContentRole[name=readers,inherit=true,allowForAll=false]
2017-11-10 09:14:31.121 DEBUG content 43318 _a-0000df9d-6819-8000-aae2-01ef9001ef90_45168 Processing reference: ContentRole[name=authors,inherit=true,allowForAll=false]
2017-11-10 09:14:31.121 DEBUG content 43318 _a-0000df9d-6819-8000-aae2-01ef9001ef90_45168 Processing reference: ContentRole[name=administrators,inherit=true,allowForAll=false]
2017-11-10 09:14:31.121 DEBUG content 43318 _a-0000df9d-6819-8000-aae2-01ef9001ef90_45168 Processing reference: ContentRole[name=denyReaders,inherit=false,allowForAll=false]
2017-11-10 09:14:31.121 DEBUG content 43318 _a-0000df9d-6819-8000-aae2-01ef9001ef90_45168 Processing reference: ContentRole[name=denyAuthors,inherit=false,allowForAll=false]
2017-11-10 09:14:31.121 DEBUG content 43318 _a-0000df9d-6819-8000-aae2-01ef9001ef90_45168 Processing reference: ContentRole[name=denyAdministrators,inherit=false,allowForAll=false]
2017-11-10 09:14:31.121 DEBUG content 43318 _a-0000df9d-6819-8000-aae2-01ef9001ef90_45168 Completing produce.
2017-11-10 09:14:31.121 DEBUG content 43318 _a-0000df9d-6819-8000-aae2-01ef9001ef90_45168 Exporting binary resources.
2017-11-10 09:14:31.121 DEBUG content 43318 _a-0000df9d-6819-8000-aae2-01ef9001ef90_45168 Serializing object to XML.
2017-11-10 09:14:31.123 DEBUG content 43318 _a-0000df9d-6819-8000-aae2-01ef9001ef90_45168 Object transported.
2017-11-10 09:14:31.123 DEBUG content 43319 _a-0000df9d-6819-8000-aae2-01ef9001ef90_45169 Begin transport.
2017-11-10 09:14:31.123 DEBUG content 43319 _a-0000df9d-6819-8000-aae2-01ef9001ef90_45169 Retrieving object data.
2017-11-10 09:14:31.127 DEBUG content 43319 _a-0000df9d-6819-8000-aae2-01ef9001ef90_45169 Setting uuids of object references.
2017-11-10 09:14:31.127 DEBUG content 43319 _a-0000df9d-6819-8000-aae2-01ef9001ef90_45169 Processing reference: [Content:id=43319,versionId=-1,name=SAMPLE_TEST_9,description=SAMPLE_TEST_9,type=32,subtype=0,uuid=_a-0000df9d-6819-8000-aae2-01ef9001ef90_45169,parent=43310,parentName=Sample Folder,parentType=2,log=43319,logName=SAMPLE_TEST_9,state=255,visibility=35,security=15,creator=krishnau,createdTimestamp=2017-11-06 06:18:04.0,updatedTimestamp=2017-11-06 06:18:04.0,size=0,lockedBy=,changesRequireApproval=false,attributes={system=0, hidden=0, ruletype=0, multiple=0, isEnvironmentSpecific=false, value=null, returnType=1},partition=1,partitionName=/usr/local/appian/_admin/accdocs1]
2017-11-10 09:14:31.127 DEBUG content 43319 _a-0000df9d-6819-8000-aae2-01ef9001ef90_45169 Processing reference: Constant.forum
2017-11-10 09:14:31.127 DEBUG content 43319 _a-0000df9d-6819-8000-aae2-01ef9001ef90_45169 Processing reference: Constant.parent
2017-11-10 09:14:31.128 DEBUG content 43319 _a-0000df9d-6819-8000-aae2-01ef9001ef90_45169 Processing reference: com.appiancorp.suiteapi.content.ContentRoleMap@7214f09f[
  ContentRole[name=readers,inherit=true,allowForAll=false]
  ContentRole[name=authors,inherit=true,allowForAll=false]
  ContentRole[name=administrators,inherit=true,allowForAll=false]
  ContentRole[name=denyReaders,inherit=false,allowForAll=false]
  ContentRole[name=denyAuthors,inherit=false,allowForAll=false]
  ContentRole[name=denyAdministrators,inherit=false,allowForAll=false]
  securityVector=15:SEC_PUBLIC=true,SEC_CREATOR_ADMIN=false,SEC_INH_ADMIN=true,SEC_INH_EDITOR=true,SEC_INH_VIEWER=true,SEC_ALL_ADMIN=false,SEC_ALL_EDITOR=false,SEC_ALL_VIEWER=false
]
2017-11-10 09:14:31.129 DEBUG content 43319 _a-0000df9d-6819-8000-aae2-01ef9001ef90_45169 Processing reference: ContentRole[name=readers,inherit=true,allowForAll=false]
2017-11-10 09:14:31.129 DEBUG content 43319 _a-0000df9d-6819-8000-aae2-01ef9001ef90_45169 Processing reference: ContentRole[name=authors,inherit=true,allowForAll=false]
2017-11-10 09:14:31.129 DEBUG content 43319 _a-0000df9d-6819-8000-aae2-01ef9001ef90_45169 Processing reference: ContentRole[name=administrators,inherit=true,allowForAll=false]
2017-11-10 09:14:31.129 DEBUG content 43319 _a-0000df9d-6819-8000-aae2-01ef9001ef90_45169 Processing reference: ContentRole[name=denyReaders,inherit=false,allowForAll=false]
2017-11-10 09:14:31.129 DEBUG content 43319 _a-0000df9d-6819-8000-aae2-01ef9001ef90_45169 Processing reference: ContentRole[name=denyAuthors,inherit=false,allowForAll=false]
2017-11-10 09:14:31.129 DEBUG content 43319 _a-0000df9d-6819-8000-aae2-01ef9001ef90_45169 Processing reference: ContentRole[name=denyAdministrators,inherit=false,allowForAll=false]
2017-11-10 09:14:31.129 DEBUG content 43319 _a-0000df9d-6819-8000-aae2-01ef9001ef90_45169 Completing produce.
2017-11-10 09:14:31.129 DEBUG content 43319 _a-0000df9d-6819-8000-aae2-01ef9001ef90_45169 Exporting binary resources.
2017-11-10 09:14:31.129 DEBUG content 43319 _a-0000df9d-6819-8000-aae2-01ef9001ef90_45169 Serializing object to XML.
2017-11-10 09:14:31.13 DEBUG content 43319 _a-0000df9d-6819-8000-aae2-01ef9001ef90_45169 Object transported.
2017-11-10 09:14:31.13 DEBUG content 43320 _a-0000df9d-6819-8000-aae2-01ef9001ef90_45170 Begin transport.
2017-11-10 09:14:31.13 DEBUG content 43320 _a-0000df9d-6819-8000-aae2-01ef9001ef90_45170 Retrieving object data.
2017-11-10 09:14:31.135 DEBUG content 43320 _a-0000df9d-6819-8000-aae2-01ef9001ef90_45170 Setting uuids of object references.
2017-11-10 09:14:31.135 DEBUG content 43320 _a-0000df9d-6819-8000-aae2-01ef9001ef90_45170 Processing reference: [Content:id=43320,versionId=-1,name=SAMPLE_TEST_10,description=SAMPLE_TEST_10,type=32,subtype=0,uuid=_a-0000df9d-6819-8000-aae2-01ef9001ef90_45170,parent=43310,parentName=Sample Folder,parentType=2,log=43320,logName=SAMPLE_TEST_10,state=255,visibility=35,security=15,creator=krishnau,createdTimestamp=2017-11-06 06:18:23.0,updatedTimestamp=2017-11-06 06:18:23.0,size=0,lockedBy=,changesRequireApproval=false,attributes={system=0, hidden=0, ruletype=0, multiple=0, isEnvironmentSpecific=false, value=null, returnType=1},partition=2,partitionName=/usr/local/appian/_admin/accdocs2]
2017-11-10 09:14:31.135 DEBUG content 43320 _a-0000df9d-6819-8000-aae2-01ef9001ef90_45170 Processing reference: Constant.forum
2017-11-10 09:14:31.135 DEBUG content 43320 _a-0000df9d-6819-8000-aae2-01ef9001ef90_45170 Processing reference: Constant.parent
2017-11-10 09:14:31.137 DEBUG content 43320 _a-0000df9d-6819-8000-aae2-01ef9001ef90_45170 Processing reference: com.appiancorp.suiteapi.content.ContentRoleMap@1aa8a155[
  ContentRole[name=readers,inherit=true,allowForAll=false]
  ContentRole[name=authors,inherit=true,allowForAll=false]
  ContentRole[name=administrators,inherit=true,allowForAll=false]
  ContentRole[name=denyReaders,inherit=false,allowForAll=false]
  ContentRole[name=denyAuthors,inherit=false,allowForAll=false]
  ContentRole[name=denyAdministrators,inherit=false,allowForAll=false]
  securityVector=15:SEC_PUBLIC=true,SEC_CREATOR_ADMIN=false,SEC_INH_ADMIN=true,SEC_INH_EDITOR=true,SEC_INH_VIEWER=true,SEC_ALL_ADMIN=false,SEC_ALL_EDITOR=false,SEC_ALL_VIEWER=false
]
2017-11-10 09:14:31.137 DEBUG content 43320 _a-0000df9d-6819-8000-aae2-01ef9001ef90_45170 Processing reference: ContentRole[name=readers,inherit=true,allowForAll=false]
2017-11-10 09:14:31.137 DEBUG content 43320 _a-0000df9d-6819-8000-aae2-01ef9001ef90_45170 Processing reference: ContentRole[name=authors,inherit=true,allowForAll=false]
2017-11-10 09:14:31.137 DEBUG content 43320 _a-0000df9d-6819-8000-aae2-01ef9001ef90_45170 Processing reference: ContentRole[name=administrators,inherit=true,allowForAll=false]
2017-11-10 09:14:31.137 DEBUG content 43320 _a-0000df9d-6819-8000-aae2-01ef9001ef90_45170 Processing reference: ContentRole[name=denyReaders,inherit=false,allowForAll=false]
2017-11-10 09:14:31.137 DEBUG content 43320 _a-0000df9d-6819-8000-aae2-01ef9001ef90_45170 Processing reference: ContentRole[name=denyAuthors,inherit=false,allowForAll=false]
2017-11-10 09:14:31.137 DEBUG content 43320 _a-0000df9d-6819-8000-aae2-01ef9001ef90_45170 Processing reference: ContentRole[name=denyAdministrators,inherit=false,allowForAll=false]
2017-11-10 09:14:31.137 DEBUG content 43320 _a-0000df9d-6819-8000-aae2-01ef9001ef90_45170 Completing produce.
2017-11-10 09:14:31.137 DEBUG content 43320 _a-0000df9d-6819-8000-aae2-01ef9001ef90_45170 Exporting binary resources.
2017-11-10 09:14:31.137 DEBUG content 43320 _a-0000df9d-6819-8000-aae2-01ef9001ef90_45170 Serializing object to XML.
2017-11-10 09:14:31.138 DEBUG content 43320 _a-0000df9d-6819-8000-aae2-01ef9001ef90_45170 Object transported.
2017-11-10 09:14:31.139 DEBUG processModelFolder 77 _g-0000df9d-6819-8000-aae2-014d98014d98_109 Begin transport.
2017-11-10 09:14:31.139 DEBUG processModelFolder 77 _g-0000df9d-6819-8000-aae2-014d98014d98_109 Retrieving object data.
2017-11-10 09:14:31.141 DEBUG processModelFolder 77 _g-0000df9d-6819-8000-aae2-014d98014d98_109 Setting uuids of object references.
2017-11-10 09:14:31.141 DEBUG processModelFolder 77 _g-0000df9d-6819-8000-aae2-014d98014d98_109 Processing reference: ProcessModelFolder.parentFolderId
2017-11-10 09:14:31.142 DEBUG processModelFolder 77 _g-0000df9d-6819-8000-aae2-014d98014d98_109 Processing reference: com.appiancorp.suiteapi.process.ProcessRoleMap@58be3844[
  Role[name=ADMIN_OWNER]
  Role[name=EDITOR]
  Role[name=EXPLICIT_NONMEMBER]
  Role[name=VIEWER]
  Role[name=MANAGER]
  Role[name=INITIATOR]
]
2017-11-10 09:14:31.142 DEBUG processModelFolder 77 _g-0000df9d-6819-8000-aae2-014d98014d98_109 Processing reference: Role[name=ADMIN_OWNER]
2017-11-10 09:14:31.142 DEBUG processModelFolder 77 _g-0000df9d-6819-8000-aae2-014d98014d98_109 Processing reference: Role[name=EDITOR]
2017-11-10 09:14:31.142 DEBUG processModelFolder 77 _g-0000df9d-6819-8000-aae2-014d98014d98_109 Processing reference: Role[name=EXPLICIT_NONMEMBER]
2017-11-10 09:14:31.142 DEBUG processModelFolder 77 _g-0000df9d-6819-8000-aae2-014d98014d98_109 Processing reference: Role[name=VIEWER]
2017-11-10 09:14:31.142 DEBUG processModelFolder 77 _g-0000df9d-6819-8000-aae2-014d98014d98_109 Processing reference: Role[name=MANAGER]
2017-11-10 09:14:31.142 DEBUG processModelFolder 77 _g-0000df9d-6819-8000-aae2-014d98014d98_109 Processing reference: Role[name=INITIATOR]
2017-11-10 09:14:31.142 DEBUG processModelFolder 77 _g-0000df9d-6819-8000-aae2-014d98014d98_109 Completing produce.
2017-11-10 09:14:31.142 DEBUG processModelFolder 77 _g-0000df9d-6819-8000-aae2-014d98014d98_109 Exporting binary resources.
2017-11-10 09:14:31.142 DEBUG processModelFolder 77 _g-0000df9d-6819-8000-aae2-014d98014d98_109 Serializing object to XML.
2017-11-10 09:14:31.142 DEBUG processModelFolder 77 _g-0000df9d-6819-8000-aae2-014d98014d98_109 Object transported.
2017-11-10 09:14:31.142 DEBUG processModelFolder 78 _g-0000df9d-6819-8000-aae2-014d98014d98_110 Begin transport.
2017-11-10 09:14:31.142 DEBUG processModelFolder 78 _g-0000df9d-6819-8000-aae2-014d98014d98_110 Retrieving object data.
2017-11-10 09:14:31.144 DEBUG processModelFolder 78 _g-0000df9d-6819-8000-aae2-014d98014d98_110 Setting uuids of object references.
2017-11-10 09:14:31.144 DEBUG processModelFolder 78 _g-0000df9d-6819-8000-aae2-014d98014d98_110 Processing reference: ProcessModelFolder.parentFolderId
2017-11-10 09:14:31.145 DEBUG processModelFolder 78 _g-0000df9d-6819-8000-aae2-014d98014d98_110 Processing reference: com.appiancorp.suiteapi.process.ProcessRoleMap@2c7f839b[
  Role[name=ADMIN_OWNER]
  Role[name=EDITOR]
  Role[name=EXPLICIT_NONMEMBER]
  Role[name=VIEWER]
  Role[name=MANAGER]
  Role[name=INITIATOR]
]
2017-11-10 09:14:31.145 DEBUG processModelFolder 78 _g-0000df9d-6819-8000-aae2-014d98014d98_110 Processing reference: Role[name=ADMIN_OWNER]
2017-11-10 09:14:31.145 DEBUG processModelFolder 78 _g-0000df9d-6819-8000-aae2-014d98014d98_110 Processing reference: Role[name=EDITOR]
2017-11-10 09:14:31.145 DEBUG processModelFolder 78 _g-0000df9d-6819-8000-aae2-014d98014d98_110 Processing reference: Role[name=EXPLICIT_NONMEMBER]
2017-11-10 09:14:31.145 DEBUG processModelFolder 78 _g-0000df9d-6819-8000-aae2-014d98014d98_110 Processing reference: Role[name=VIEWER]
2017-11-10 09:14:31.145 DEBUG processModelFolder 78 _g-0000df9d-6819-8000-aae2-014d98014d98_110 Processing reference: Role[name=MANAGER]
2017-11-10 09:14:31.145 DEBUG processModelFolder 78 _g-0000df9d-6819-8000-aae2-014d98014d98_110 Processing reference: Role[name=INITIATOR]
2017-11-10 09:14:31.145 DEBUG processModelFolder 78 _g-0000df9d-6819-8000-aae2-014d98014d98_110 Completing produce.
2017-11-10 09:14:31.145 DEBUG processModelFolder 78 _g-0000df9d-6819-8000-aae2-014d98014d98_110 Exporting binary resources.
2017-11-10 09:14:31.145 DEBUG processModelFolder 78 _g-0000df9d-6819-8000-aae2-014d98014d98_110 Serializing object to XML.
2017-11-10 09:14:31.145 DEBUG processModelFolder 78 _g-0000df9d-6819-8000-aae2-014d98014d98_110 Object transported.
2017-11-10 09:14:31.146 DEBUG processModel 3210 0002dfbf-a081-8000-aae2-014d98014d98 Begin transport.
2017-11-10 09:14:31.146 DEBUG processModel 3210 0002dfbf-a081-8000-aae2-014d98014d98 Retrieving object data.
2017-11-10 09:14:31.156 DEBUG processModel 3210 0002dfbf-a081-8000-aae2-014d98014d98 Setting uuids of object references.
2017-11-10 09:14:31.156 DEBUG processModel 3210 0002dfbf-a081-8000-aae2-014d98014d98 Processing reference: ProcessModelHaul.folderId
2017-11-10 09:14:31.156 DEBUG processModel 3210 0002dfbf-a081-8000-aae2-014d98014d98 Processing reference: ProcessModelHaul.modelDashboardPageId
2017-11-10 09:14:31.156 DEBUG processModel 3210 0002dfbf-a081-8000-aae2-014d98014d98 Processing reference: ProcessModelHaul.processDashboardPageId
2017-11-10 09:14:31.156 DEBUG processModel 3210 0002dfbf-a081-8000-aae2-014d98014d98 Processing reference: ProcessModel.emailAttachmentFolderId
2017-11-10 09:14:31.157 DEBUG processModel 3210 0002dfbf-a081-8000-aae2-014d98014d98 Processing reference: ActivityClassParameter[name=pmID,it=23,v=<null>]
2017-11-10 09:14:31.157 DEBUG processModel 3210 0002dfbf-a081-8000-aae2-014d98014d98 Processing reference: ActivityClassParameter[name=inMap,it=111,v={}]
2017-11-10 09:14:31.157 DEBUG processModel 3210 0002dfbf-a081-8000-aae2-014d98014d98 Processing reference: ActivityClassParameter[name=procInheritsPriority,it=1,v=1]
2017-11-10 09:14:31.157 DEBUG processModel 3210 0002dfbf-a081-8000-aae2-014d98014d98 Processing reference: ActivityClassParameter[name=pmUUID,it=3,v=]
2017-11-10 09:14:31.157 DEBUG processModel 3210 0002dfbf-a081-8000-aae2-014d98014d98 Processing reference: ActivityClassParameter[name=isAsynchronous,it=26,v=1]
2017-11-10 09:14:31.157 DEBUG processModel 3210 0002dfbf-a081-8000-aae2-014d98014d98 Processing reference: ActivityClassParameter[name=isTransparent,it=26,v=1]
2017-11-10 09:14:31.157 DEBUG processModel 3210 0002dfbf-a081-8000-aae2-014d98014d98 Processing reference: ActivityClassParameter[name=inheritSecurity,it=26,v=0]
2017-11-10 09:14:31.157 DEBUG processModel 3210 0002dfbf-a081-8000-aae2-014d98014d98 Processing reference: com.appiancorp.suiteapi.process.ProcessRoleMap@48a57531[
  Role[name=ADMIN_OWNER]
  Role[name=EDITOR]
  Role[name=EXPLICIT_NONMEMBER]
  Role[name=VIEWER]
  Role[name=MANAGER]
  Role[name=INITIATOR]
]
2017-11-10 09:14:31.157 DEBUG processModel 3210 0002dfbf-a081-8000-aae2-014d98014d98 Processing reference: Role[name=ADMIN_OWNER]
2017-11-10 09:14:31.157 DEBUG processModel 3210 0002dfbf-a081-8000-aae2-014d98014d98 Processing reference: Role[name=EDITOR]
2017-11-10 09:14:31.157 DEBUG processModel 3210 0002dfbf-a081-8000-aae2-014d98014d98 Processing reference: Role[name=EXPLICIT_NONMEMBER]
2017-11-10 09:14:31.157 DEBUG processModel 3210 0002dfbf-a081-8000-aae2-014d98014d98 Processing reference: Role[name=VIEWER]
2017-11-10 09:14:31.157 DEBUG processModel 3210 0002dfbf-a081-8000-aae2-014d98014d98 Processing reference: Role[name=MANAGER]
2017-11-10 09:14:31.157 DEBUG processModel 3210 0002dfbf-a081-8000-aae2-014d98014d98 Processing reference: Role[name=INITIATOR]
2017-11-10 09:14:31.157 DEBUG processModel 3210 0002dfbf-a081-8000-aae2-014d98014d98 Completing produce.
2017-11-10 09:14:31.157 DEBUG processModel 3210 0002dfbf-a081-8000-aae2-014d98014d98 Exporting binary resources.
2017-11-10 09:14:31.157 DEBUG processModel 3210 0002dfbf-a081-8000-aae2-014d98014d98 Serializing object to XML.
2017-11-10 09:14:31.16 DEBUG processModel 3210 0002dfbf-a081-8000-aae2-014d98014d98 Object transported.
2017-11-10 09:14:31.16 DEBUG application 43309 _a-0000df9d-6819-8000-aae2-01ef9001ef90_45159 Completing produce.
2017-11-10 09:14:31.16 DEBUG application 43309 _a-0000df9d-6819-8000-aae2-01ef9001ef90_45159 Exporting binary resources.
2017-11-10 09:14:31.16 DEBUG application 43309 _a-0000df9d-6819-8000-aae2-01ef9001ef90_45159 Serializing object to XML.
2017-11-10 09:14:31.161 DEBUG application 43309 _a-0000df9d-6819-8000-aae2-01ef9001ef90_45159 Object transported.
